[2018-11-10 11:05:40][debug] 短信发送错误日志
[2018-11-10 11:05:40][debug] 发送内容：{"平台：":"阿里云","模板ID：":"测速","发送号码：":"15095989416","参数：":null,"签名：":"火鸟门户"}
[2018-11-10 11:05:40][debug] 错误返回：{"Message":"模板不合法(不存在或被拉黑)","RequestId":"EFF987CF-6C80-4D3A-A92D-0BA2C74064A4","Code":"isv.SMS_TEMPLATE_ILLEGAL"}


[2018-12-13 01:26:43][debug] 短信发送错误日志
[2018-12-13 01:26:43][debug] 发送内容：{"平台：":"阿里云","模板ID：":"SMS_137686530","发送号码：":"18580105610","参数：":["\"username\":\"邓\"","\"loupan\":\"万科金域蓝湾\"","\"code\":\"\""],"签名：":"爱福美"}
[2018-12-13 01:26:43][debug] 错误返回：{"Message":"模板不合法(不存在或被拉黑)","RequestId":"7872E9D9-6C00-4E88-9ED4-FFD751A9E0EA","Code":"isv.SMS_TEMPLATE_ILLEGAL"}


[2018-12-13 01:27:49][debug] 短信发送错误日志
[2018-12-13 01:27:49][debug] 发送内容：{"平台：":"阿里云","模板ID：":"SMS_137686530","发送号码：":"18883910165","参数：":["\"username\":\"邓\"","\"loupan\":\"万科金域蓝湾\"","\"code\":\"\""],"签名：":"爱福美"}
[2018-12-13 01:27:49][debug] 错误返回：{"Message":"模板不合法(不存在或被拉黑)","RequestId":"D4FE8D46-D938-4DC5-82A3-2047EB9DFDA5","Code":"isv.SMS_TEMPLATE_ILLEGAL"}


[2018-12-27 06:07:36][debug] 短信发送错误日志
[2018-12-27 06:07:36][debug] 发送内容：{"平台：":"阿里云","模板ID：":"SMS_137686530","发送号码：":"13851189466","参数：":["\"username\":\"悾心\"","\"loupan\":\"春语江山\"","\"code\":\"\""],"签名：":"爱福美"}
[2018-12-27 06:07:36][debug] 错误返回：{"Message":"模板不合法(不存在或被拉黑)","RequestId":"B12545FB-10B9-4DAF-9EB3-D9BCEC737C8E","Code":"isv.SMS_TEMPLATE_ILLEGAL"}


[2018-12-27 06:24:52][debug] 短信发送错误日志
[2018-12-27 06:24:52][debug] 发送内容：{"平台：":"阿里云","模板ID：":"SMS_137686530","发送号码：":"13851189466","参数：":["\"username\":\"悾心\"","\"loupan\":\"春语江山\"","\"code\":\"\""],"签名：":"爱福美"}
[2018-12-27 06:24:52][debug] 错误返回：{"Message":"模板不合法(不存在或被拉黑)","RequestId":"707FF6A8-237E-4BA9-B2C5-69230D7E8E18","Code":"isv.SMS_TEMPLATE_ILLEGAL"}


[2018-12-27 06:26:27][debug] 短信发送错误日志
[2018-12-27 06:26:27][debug] 发送内容：{"平台：":"阿里云","模板ID：":"SMS_137686530","发送号码：":"18580105610","参数：":["\"username\":\"登云\"","\"loupan\":\"金辉中央銘著\"","\"code\":\"\""],"签名：":"爱福美"}
[2018-12-27 06:26:27][debug] 错误返回：{"Message":"模板不合法(不存在或被拉黑)","RequestId":"CC9D8355-C33D-4BC6-A6FB-7EC1B12F82BA","Code":"isv.SMS_TEMPLATE_ILLEGAL"}


[2018-12-27 08:02:00][debug] 短信发送错误日志
[2018-12-27 08:02:00][debug] 发送内容：{"平台：":"阿里云","模板ID：":"SMS_137686530","发送号码：":"18511111111","参数：":["\"username\":\"邓\"","\"loupan\":\"春语江山\"","\"code\":\"\""],"签名：":"爱福美"}
[2018-12-27 08:02:00][debug] 错误返回：{"Message":"模板不合法(不存在或被拉黑)","RequestId":"EEFB2E53-B62E-412F-913E-52957F9323A4","Code":"isv.SMS_TEMPLATE_ILLEGAL"}


[2018-12-27 08:02:10][debug] 短信发送错误日志
[2018-12-27 08:02:10][debug] 发送内容：{"平台：":"阿里云","模板ID：":"SMS_137686530","发送号码：":"18511111111","参数：":["\"username\":\"邓\"","\"loupan\":\"金融街融景城\"","\"code\":\"\""],"签名：":"爱福美"}
[2018-12-27 08:02:10][debug] 错误返回：{"Message":"模板不合法(不存在或被拉黑)","RequestId":"03516D52-272B-4CEF-AFAC-29F149329E52","Code":"isv.SMS_TEMPLATE_ILLEGAL"}


[2018-12-27 08:02:17][debug] 短信发送错误日志
[2018-12-27 08:02:17][debug] 发送内容：{"平台：":"阿里云","模板ID：":"SMS_137686530","发送号码：":"18511111111","参数：":["\"username\":\"邓\"","\"loupan\":\"金融街融景城\"","\"code\":\"\""],"签名：":"爱福美"}
[2018-12-27 08:02:17][debug] 错误返回：{"Message":"模板不合法(不存在或被拉黑)","RequestId":"00BEB928-FAD6-4410-AA83-71C98184C5CF","Code":"isv.SMS_TEMPLATE_ILLEGAL"}


[2018-12-27 08:04:26][debug] 短信发送错误日志
[2018-12-27 08:04:26][debug] 发送内容：{"平台：":"阿里云","模板ID：":"SMS_137686530","发送号码：":"18511111112","参数：":["\"username\":\"邓\"","\"loupan\":\"金融街融景城\"","\"code\":\"\""],"签名：":"爱福美"}
[2018-12-27 08:04:26][debug] 错误返回：{"Message":"模板不合法(不存在或被拉黑)","RequestId":"1A95127E-8D58-43AD-98F4-DB4914CE3B77","Code":"isv.SMS_TEMPLATE_ILLEGAL"}


[2018-12-29 08:22:15][debug] 短信发送错误日志
[2018-12-29 08:22:15][debug] 发送内容：{"平台：":"阿里云","模板ID：":"SMS_137686530","发送号码：":"18580105610","参数：":["\"username\":\"5\"","\"loupan\":\"金辉中央銘著\"","\"code\":\"\""],"签名：":"爱福美"}
[2018-12-29 08:22:15][debug] 错误返回：{"Message":"模板不合法(不存在或被拉黑)","RequestId":"03D01163-DAE1-423C-9082-AE1DB1B41BF8","Code":"isv.SMS_TEMPLATE_ILLEGAL"}


[2018-12-29 08:22:28][debug] 短信发送错误日志
[2018-12-29 08:22:28][debug] 发送内容：{"平台：":"阿里云","模板ID：":"SMS_137686530","发送号码：":"18580105610","参数：":["\"username\":\"5\"","\"loupan\":\"春语江山\"","\"code\":\"\""],"签名：":"爱福美"}
[2018-12-29 08:22:28][debug] 错误返回：{"Message":"模板不合法(不存在或被拉黑)","RequestId":"A03A59A8-EB8F-4E06-947B-D67E5DD6490D","Code":"isv.SMS_TEMPLATE_ILLEGAL"}


[2019-09-25 03:54:15][debug] 短信发送错误日志
[2019-09-25 03:54:15][debug] 发送内容：{"平台：":"阿里云","模板ID：":"11","发送号码：":"15095989416","参数：":null,"签名：":"爱福美"}
[2019-09-25 03:54:15][debug] 错误返回：{"Message":"模板不合法(不存在或被拉黑)","RequestId":"17412340-D8F4-4479-B7F7-72F22AEE2199","Code":"isv.SMS_TEMPLATE_ILLEGAL"}


[2019-10-15 03:31:30][debug] 短信发送错误日志
[2019-10-15 03:31:30][debug] 发送内容：{"平台：":"阿里云","模板ID：":"mmmm","发送号码：":"17341390521","参数：":null,"签名：":"爱福美"}
[2019-10-15 03:31:30][debug] 错误返回：{"Message":"模板不合法(不存在或被拉黑)","RequestId":"4002CD62-598C-4D3C-BF48-09989132A333","Code":"isv.SMS_TEMPLATE_ILLEGAL"}


